# JRE version: 7.0_10-b18
# Java VM: Java HotSpot(TM) 64-Bit Server VM (23.6-b04 mixed mode windows-amd64 compressed oops)
Heap
 PSYoungGen      total 36416K, used 7049K [0x00000007d56b0000, 0x00000007d81b0000, 0x0000000800000000)
  eden space 30464K, 3% used [0x00000007d56b0000,0x00000007d57c29e8,0x00000007d7470000)
  from space 5952K, 99% used [0x00000007d7520000,0x00000007d7aefca0,0x00000007d7af0000)
  to   space 6784K, 0% used [0x00000007d7b10000,0x00000007d7b10000,0x00000007d81b0000)
 ParOldGen       total 87232K, used 40085K [0x0000000780400000, 0x0000000785930000, 0x00000007d56b0000)
  object space 87232K, 45% used [0x0000000780400000,0x0000000782b25730,0x0000000785930000)
 PSPermGen       total 21248K, used 19109K [0x000000077b200000, 0x000000077c6c0000, 0x0000000780400000)
  object space 21248K, 89% used [0x000000077b200000,0x000000077c4a9498,0x000000077c6c0000)
GC Heap History (10 events):
Event: 14.011 GC heap before
{Heap before GC invocations=3 (full 0):
 PSYoungGen      total 38144K, used 37554K [0x00000007d56b0000, 0x00000007d8140000, 0x0000000800000000)
  eden space 32704K, 98% used [0x00000007d56b0000,0x00000007d760e240,0x00000007d76a0000)
  from space 5440K, 99% used [0x00000007d7bf0000,0x00000007d813e808,0x00000007d8140000)
  to   space 5440K, 0% used [0x00000007d76a0000,0x00000007d76a0000,0x00000007d7bf0000)
 ParOldGen       total 87232K, used 36341K [0x0000000780400000, 0x0000000785930000, 0x00000007d56b0000)
  object space 87232K, 41% used [0x0000000780400000,0x000000078277d660,0x0000000785930000)
 PSPermGen       total 21248K, used 16973K [0x000000077b200000, 0x000000077c6c0000, 0x0000000780400000)
  object space 21248K, 79% used [0x000000077b200000,0x000000077c293470,0x000000077c6c0000)
Event: 14.017 GC heap after
Heap after GC invocations=3 (full 0):
 PSYoungGen      total 38144K, used 5420K [0x00000007d56b0000, 0x00000007d8140000, 0x0000000800000000)
  eden space 32704K, 0% used [0x00000007d56b0000,0x00000007d56b0000,0x00000007d76a0000)
  from space 5440K, 99% used [0x00000007d76a0000,0x00000007d7beb070,0x00000007d7bf0000)
  to   space 5440K, 0% used [0x00000007d7bf0000,0x00000007d7bf0000,0x00000007d8140000)
 ParOldGen       total 87232K, used 37366K [0x0000000780400000, 0x0000000785930000, 0x00000007d56b0000)
  object space 87232K, 42% used [0x0000000780400000,0x000000078287d800,0x0000000785930000)
 PSPermGen       total 21248K, used 16973K [0x000000077b200000, 0x000000077c6c0000, 0x0000000780400000)
  object space 21248K, 79% used [0x000000077b200000,0x000000077c293470,0x000000077c6c0000)
}
Event: 16.395 GC heap before
{Heap before GC invocations=4 (full 0):
 PSYoungGen      total 38144K, used 37328K [0x00000007d56b0000, 0x00000007d8140000, 0x0000000800000000)
  eden space 32704K, 97% used [0x00000007d56b0000,0x00000007d75d8ff8,0x00000007d76a0000)
  from space 5440K, 99% used [0x00000007d76a0000,0x00000007d7beb070,0x00000007d7bf0000)
  to   space 5440K, 0% used [0x00000007d7bf0000,0x00000007d7bf0000,0x00000007d8140000)
 ParOldGen       total 87232K, used 37366K [0x0000000780400000, 0x0000000785930000, 0x00000007d56b0000)
  object space 87232K, 42% used [0x0000000780400000,0x000000078287d800,0x0000000785930000)
 PSPermGen       total 21248K, used 16973K [0x000000077b200000, 0x000000077c6c0000, 0x0000000780400000)
  object space 21248K, 79% used [0x000000077b200000,0x000000077c2935f0,0x000000077c6c0000)
Event: 16.400 GC heap after
Heap after GC invocations=4 (full 0):
 PSYoungGen      total 38144K, used 5420K [0x00000007d56b0000, 0x00000007d8140000, 0x0000000800000000)
  eden space 32704K, 0% used [0x00000007d56b0000,0x00000007d56b0000,0x00000007d76a0000)
  from space 5440K, 99% used [0x00000007d7bf0000,0x00000007d813b070,0x00000007d8140000)
  to   space 5440K, 0% used [0x00000007d76a0000,0x00000007d76a0000,0x00000007d7bf0000)
 ParOldGen       total 87232K, used 37406K [0x0000000780400000, 0x0000000785930000, 0x00000007d56b0000)
  object space 87232K, 42% used [0x0000000780400000,0x0000000782887800,0x0000000785930000)
 PSPermGen       total 21248K, used 16973K [0x000000077b200000, 0x000000077c6c0000, 0x0000000780400000)
  object space 21248K, 79% used [0x000000077b200000,0x000000077c2935f0,0x000000077c6c0000)
}
Event: 18.779 GC heap before
{Heap before GC invocations=5 (full 0):
 PSYoungGen      total 38144K, used 37306K [0x00000007d56b0000, 0x00000007d8140000, 0x0000000800000000)
  eden space 32704K, 97% used [0x00000007d56b0000,0x00000007d75d39e8,0x00000007d76a0000)
  from space 5440K, 99% used [0x00000007d7bf0000,0x00000007d813b070,0x00000007d8140000)
  to   space 5440K, 0% used [0x00000007d76a0000,0x00000007d76a0000,0x00000007d7bf0000)
 ParOldGen       total 87232K, used 37406K [0x0000000780400000, 0x0000000785930000, 0x00000007d56b0000)
  object space 87232K, 42% used [0x0000000780400000,0x0000000782887800,0x0000000785930000)
 PSPermGen       total 21248K, used 16974K [0x000000077b200000, 0x000000077c6c0000, 0x0000000780400000)
  object space 21248K, 79% used [0x000000077b200000,0x000000077c293af0,0x000000077c6c0000)
Event: 18.784 GC heap after
Heap after GC invocations=5 (full 0):
 PSYoungGen      total 37376K, used 5420K [0x00000007d56b0000, 0x00000007d8320000, 0x0000000800000000)
  eden space 31936K, 0% used [0x00000007d56b0000,0x00000007d56b0000,0x00000007d75e0000)
  from space 5440K, 99% used [0x00000007d76a0000,0x00000007d7beb050,0x00000007d7bf0000)
  to   space 6784K, 0% used [0x00000007d7c80000,0x00000007d7c80000,0x00000007d8320000)
 ParOldGen       total 87232K, used 37422K [0x0000000780400000, 0x0000000785930000, 0x00000007d56b0000)
  object space 87232K, 42% used [0x0000000780400000,0x000000078288b800,0x0000000785930000)
 PSPermGen       total 21248K, used 16974K [0x000000077b200000, 0x000000077c6c0000, 0x0000000780400000)
  object space 21248K, 79% used [0x000000077b200000,0x000000077c293af0,0x000000077c6c0000)
}
Event: 21.085 GC heap before
{Heap before GC invocations=6 (full 0):
 PSYoungGen      total 37376K, used 36596K [0x00000007d56b0000, 0x00000007d8320000, 0x0000000800000000)
  eden space 31936K, 97% used [0x00000007d56b0000,0x00000007d7522078,0x00000007d75e0000)
  from space 5440K, 99% used [0x00000007d76a0000,0x00000007d7beb050,0x00000007d7bf0000)
  to   space 6784K, 0% used [0x00000007d7c80000,0x00000007d7c80000,0x00000007d8320000)
 ParOldGen       total 87232K, used 37422K [0x0000000780400000, 0x0000000785930000, 0x00000007d56b0000)
  object space 87232K, 42% used [0x0000000780400000,0x000000078288b800,0x0000000785930000)
 PSPermGen       total 21248K, used 16984K [0x000000077b200000, 0x000000077c6c0000, 0x0000000780400000)
  object space 21248K, 79% used [0x000000077b200000,0x000000077c296100,0x000000077c6c0000)
Event: 21.094 GC heap after
Heap after GC invocations=6 (full 0):
 PSYoungGen      total 36928K, used 5516K [0x00000007d56b0000, 0x00000007d8220000, 0x0000000800000000)
  eden space 31168K, 0% used [0x00000007d56b0000,0x00000007d56b0000,0x00000007d7520000)
  from space 5760K, 95% used [0x00000007d7c80000,0x00000007d81e3070,0x00000007d8220000)
  to   space 6656K, 0% used [0x00000007d7520000,0x00000007d7520000,0x00000007d7ba0000)
 ParOldGen       total 87232K, used 37422K [0x0000000780400000, 0x0000000785930000, 0x00000007d56b0000)
  object space 87232K, 42% used [0x0000000780400000,0x000000078288b800,0x0000000785930000)
 PSPermGen       total 21248K, used 16984K [0x000000077b200000, 0x000000077c6c0000, 0x0000000780400000)
  object space 21248K, 79% used [0x000000077b200000,0x000000077c296100,0x000000077c6c0000)
}
Event: 36.269 GC heap before
{Heap before GC invocations=7 (full 0):
 PSYoungGen      total 36928K, used 36085K [0x00000007d56b0000, 0x00000007d8220000, 0x0000000800000000)
  eden space 31168K, 98% used [0x00000007d56b0000,0x00000007d748a4f8,0x00000007d7520000)
  from space 5760K, 95% used [0x00000007d7c80000,0x00000007d81e3070,0x00000007d8220000)
  to   space 6656K, 0% used [0x00000007d7520000,0x00000007d7520000,0x00000007d7ba0000)
 ParOldGen       total 87232K, used 37422K [0x0000000780400000, 0x0000000785930000, 0x00000007d56b0000)
  object space 87232K, 42% used [0x0000000780400000,0x000000078288b800,0x0000000785930000)
 PSPermGen       total 21248K, used 19109K [0x000000077b200000, 0x000000077c6c0000, 0x0000000780400000)
  object space 21248K, 89% used [0x000000077b200000,0x000000077c4a9498,0x000000077c6c0000)
Event: 36.276 GC heap after
Heap after GC invocations=7 (full 0):
 PSYoungGen      total 36416K, used 5951K [0x00000007d56b0000, 0x00000007d81b0000, 0x0000000800000000)
  eden space 30464K, 0% used [0x00000007d56b0000,0x00000007d56b0000,0x00000007d7470000)
  from space 5952K, 99% used [0x00000007d7520000,0x00000007d7aefca0,0x00000007d7af0000)
  to   space 6784K, 0% used [0x00000007d7b10000,0x00000007d7b10000,0x00000007d81b0000)
 ParOldGen       total 87232K, used 40085K [0x0000000780400000, 0x0000000785930000, 0x00000007d56b0000)
  object space 87232K, 45% used [0x0000000780400000,0x0000000782b25730,0x0000000785930000)
 PSPermGen       total 21248K, used 19109K [0x000000077b200000, 0x000000077c6c0000, 0x0000000780400000)
  object space 21248K, 89% used [0x000000077b200000,0x000000077c4a9498,0x000000077c6c0000)
}

