# JRE version: 7.0_10-b18
# Java VM: Java HotSpot(TM) 64-Bit Server VM (23.6-b04 mixed mode windows-amd64 compressed oops)
Heap
 PSYoungGen      total 37376K, used 6042K [0x00000007d56b0000, 0x00000007d88a0000, 0x0000000800000000)
  eden space 31936K, 3% used [0x00000007d56b0000,0x00000007d57e8818,0x00000007d75e0000)
  from space 5440K, 88% used [0x00000007d76a0000,0x00000007d7b4e070,0x00000007d7bf0000)
  to   space 9600K, 0% used [0x00000007d7f40000,0x00000007d7f40000,0x00000007d88a0000)
 ParOldGen       total 87232K, used 40456K [0x0000000780400000, 0x0000000785930000, 0x00000007d56b0000)
  object space 87232K, 46% used [0x0000000780400000,0x0000000782b82348,0x0000000785930000)
 PSPermGen       total 21248K, used 19126K [0x000000077b200000, 0x000000077c6c0000, 0x0000000780400000)
  object space 21248K, 90% used [0x000000077b200000,0x000000077c4ad8d0,0x000000077c6c0000)
GC Heap History (10 events):
Event: 5.489 GC heap before
{Heap before GC invocations=1 (full 0):
 PSYoungGen      total 38144K, used 32704K [0x00000007d56b0000, 0x00000007d8140000, 0x0000000800000000)
  eden space 32704K, 100% used [0x00000007d56b0000,0x00000007d76a0000,0x00000007d76a0000)
  from space 5440K, 0% used [0x00000007d7bf0000,0x00000007d7bf0000,0x00000007d8140000)
  to   space 5440K, 0% used [0x00000007d76a0000,0x00000007d76a0000,0x00000007d7bf0000)
 ParOldGen       total 87232K, used 0K [0x0000000780400000, 0x0000000785930000, 0x00000007d56b0000)
  object space 87232K, 0% used [0x0000000780400000,0x0000000780400000,0x0000000785930000)
 PSPermGen       total 21248K, used 13898K [0x000000077b200000, 0x000000077c6c0000, 0x0000000780400000)
  object space 21248K, 65% used [0x000000077b200000,0x000000077bf92970,0x000000077c6c0000)
Event: 5.502 GC heap after
Heap after GC invocations=1 (full 0):
 PSYoungGen      total 38144K, used 3688K [0x00000007d56b0000, 0x00000007d8140000, 0x0000000800000000)
  eden space 32704K, 0% used [0x00000007d56b0000,0x00000007d56b0000,0x00000007d76a0000)
  from space 5440K, 67% used [0x00000007d76a0000,0x00000007d7a3a150,0x00000007d7bf0000)
  to   space 5440K, 0% used [0x00000007d7bf0000,0x00000007d7bf0000,0x00000007d8140000)
 ParOldGen       total 87232K, used 36008K [0x0000000780400000, 0x0000000785930000, 0x00000007d56b0000)
  object space 87232K, 41% used [0x0000000780400000,0x000000078272a040,0x0000000785930000)
 PSPermGen       total 21248K, used 13898K [0x000000077b200000, 0x000000077c6c0000, 0x0000000780400000)
  object space 21248K, 65% used [0x000000077b200000,0x000000077bf92970,0x000000077c6c0000)
}
Event: 11.185 GC heap before
{Heap before GC invocations=2 (full 0):
 PSYoungGen      total 38144K, used 36343K [0x00000007d56b0000, 0x00000007d8140000, 0x0000000800000000)
  eden space 32704K, 99% used [0x00000007d56b0000,0x00000007d7693b10,0x00000007d76a0000)
  from space 5440K, 67% used [0x00000007d76a0000,0x00000007d7a3a150,0x00000007d7bf0000)
  to   space 5440K, 0% used [0x00000007d7bf0000,0x00000007d7bf0000,0x00000007d8140000)
 ParOldGen       total 87232K, used 36008K [0x0000000780400000, 0x0000000785930000, 0x00000007d56b0000)
  object space 87232K, 41% used [0x0000000780400000,0x000000078272a040,0x0000000785930000)
 PSPermGen       total 21248K, used 16945K [0x000000077b200000, 0x000000077c6c0000, 0x0000000780400000)
  object space 21248K, 79% used [0x000000077b200000,0x000000077c28c708,0x000000077c6c0000)
Event: 11.197 GC heap after
Heap after GC invocations=2 (full 0):
 PSYoungGen      total 38144K, used 5421K [0x00000007d56b0000, 0x00000007d8140000, 0x0000000800000000)
  eden space 32704K, 0% used [0x00000007d56b0000,0x00000007d56b0000,0x00000007d76a0000)
  from space 5440K, 99% used [0x00000007d7bf0000,0x00000007d813b4c0,0x00000007d8140000)
  to   space 5440K, 0% used [0x00000007d76a0000,0x00000007d76a0000,0x00000007d7bf0000)
 ParOldGen       total 87232K, used 36387K [0x0000000780400000, 0x0000000785930000, 0x00000007d56b0000)
  object space 87232K, 41% used [0x0000000780400000,0x0000000782788f18,0x0000000785930000)
 PSPermGen       total 21248K, used 16945K [0x000000077b200000, 0x000000077c6c0000, 0x0000000780400000)
  object space 21248K, 79% used [0x000000077b200000,0x000000077c28c708,0x000000077c6c0000)
}
Event: 25.160 GC heap before
{Heap before GC invocations=3 (full 0):
 PSYoungGen      total 38144K, used 38123K [0x00000007d56b0000, 0x00000007d8140000, 0x0000000800000000)
  eden space 32704K, 99% used [0x00000007d56b0000,0x00000007d769f858,0x00000007d76a0000)
  from space 5440K, 99% used [0x00000007d7bf0000,0x00000007d813b4c0,0x00000007d8140000)
  to   space 5440K, 0% used [0x00000007d76a0000,0x00000007d76a0000,0x00000007d7bf0000)
 ParOldGen       total 87232K, used 36387K [0x0000000780400000, 0x0000000785930000, 0x00000007d56b0000)
  object space 87232K, 41% used [0x0000000780400000,0x0000000782788f18,0x0000000785930000)
 PSPermGen       total 21248K, used 19084K [0x000000077b200000, 0x000000077c6c0000, 0x0000000780400000)
  object space 21248K, 89% used [0x000000077b200000,0x000000077c4a3390,0x000000077c6c0000)
Event: 25.169 GC heap after
Heap after GC invocations=3 (full 0):
 PSYoungGen      total 38144K, used 5420K [0x00000007d56b0000, 0x00000007d8140000, 0x0000000800000000)
  eden space 32704K, 0% used [0x00000007d56b0000,0x00000007d56b0000,0x00000007d76a0000)
  from space 5440K, 99% used [0x00000007d76a0000,0x00000007d7beb070,0x00000007d7bf0000)
  to   space 5440K, 0% used [0x00000007d7bf0000,0x00000007d7bf0000,0x00000007d8140000)
 ParOldGen       total 87232K, used 40456K [0x0000000780400000, 0x0000000785930000, 0x00000007d56b0000)
  object space 87232K, 46% used [0x0000000780400000,0x0000000782b82348,0x0000000785930000)
 PSPermGen       total 21248K, used 19084K [0x000000077b200000, 0x000000077c6c0000, 0x0000000780400000)
  object space 21248K, 89% used [0x000000077b200000,0x000000077c4a3390,0x000000077c6c0000)
}
Event: 25.300 GC heap before
{Heap before GC invocations=4 (full 0):
 PSYoungGen      total 38144K, used 37373K [0x00000007d56b0000, 0x00000007d8140000, 0x0000000800000000)
  eden space 32704K, 97% used [0x00000007d56b0000,0x00000007d75e4698,0x00000007d76a0000)
  from space 5440K, 99% used [0x00000007d76a0000,0x00000007d7beb070,0x00000007d7bf0000)
  to   space 5440K, 0% used [0x00000007d7bf0000,0x00000007d7bf0000,0x00000007d8140000)
 ParOldGen       total 87232K, used 40456K [0x0000000780400000, 0x0000000785930000, 0x00000007d56b0000)
  object space 87232K, 46% used [0x0000000780400000,0x0000000782b82348,0x0000000785930000)
 PSPermGen       total 21248K, used 19092K [0x000000077b200000, 0x000000077c6c0000, 0x0000000780400000)
  object space 21248K, 89% used [0x000000077b200000,0x000000077c4a5360,0x000000077c6c0000)
Event: 25.305 GC heap after
Heap after GC invocations=4 (full 0):
 PSYoungGen      total 38144K, used 3764K [0x00000007d56b0000, 0x00000007d8140000, 0x0000000800000000)
  eden space 32704K, 0% used [0x00000007d56b0000,0x00000007d56b0000,0x00000007d76a0000)
  from space 5440K, 69% used [0x00000007d7bf0000,0x00000007d7f9d060,0x00000007d8140000)
  to   space 5440K, 0% used [0x00000007d76a0000,0x00000007d76a0000,0x00000007d7bf0000)
 ParOldGen       total 87232K, used 40456K [0x0000000780400000, 0x0000000785930000, 0x00000007d56b0000)
  object space 87232K, 46% used [0x0000000780400000,0x0000000782b82348,0x0000000785930000)
 PSPermGen       total 21248K, used 19092K [0x000000077b200000, 0x000000077c6c0000, 0x0000000780400000)
  object space 21248K, 89% used [0x000000077b200000,0x000000077c4a5360,0x000000077c6c0000)
}
Event: 38.425 GC heap before
{Heap before GC invocations=5 (full 0):
 PSYoungGen      total 38144K, used 36354K [0x00000007d56b0000, 0x00000007d8140000, 0x0000000800000000)
  eden space 32704K, 99% used [0x00000007d56b0000,0x00000007d7683b58,0x00000007d76a0000)
  from space 5440K, 69% used [0x00000007d7bf0000,0x00000007d7f9d060,0x00000007d8140000)
  to   space 5440K, 0% used [0x00000007d76a0000,0x00000007d76a0000,0x00000007d7bf0000)
 ParOldGen       total 87232K, used 40456K [0x0000000780400000, 0x0000000785930000, 0x00000007d56b0000)
  object space 87232K, 46% used [0x0000000780400000,0x0000000782b82348,0x0000000785930000)
 PSPermGen       total 21248K, used 19125K [0x000000077b200000, 0x000000077c6c0000, 0x0000000780400000)
  object space 21248K, 90% used [0x000000077b200000,0x000000077c4ad500,0x000000077c6c0000)
Event: 38.433 GC heap after
Heap after GC invocations=5 (full 0):
 PSYoungGen      total 37376K, used 4792K [0x00000007d56b0000, 0x00000007d88a0000, 0x0000000800000000)
  eden space 31936K, 0% used [0x00000007d56b0000,0x00000007d56b0000,0x00000007d75e0000)
  from space 5440K, 88% used [0x00000007d76a0000,0x00000007d7b4e070,0x00000007d7bf0000)
  to   space 9600K, 0% used [0x00000007d7f40000,0x00000007d7f40000,0x00000007d88a0000)
 ParOldGen       total 87232K, used 40456K [0x0000000780400000, 0x0000000785930000, 0x00000007d56b0000)
  object space 87232K, 46% used [0x0000000780400000,0x0000000782b82348,0x0000000785930000)
 PSPermGen       total 21248K, used 19125K [0x000000077b200000, 0x000000077c6c0000, 0x0000000780400000)
  object space 21248K, 90% used [0x000000077b200000,0x000000077c4ad500,0x000000077c6c0000)
}

