# JRE version: 7.0_10-b18
# Java VM: Java HotSpot(TM) 64-Bit Server VM (23.6-b04 mixed mode windows-amd64 compressed oops)
Heap
 PSYoungGen      total 32768K, used 9703K [0x00000007d56b0000, 0x00000007d7f10000, 0x0000000800000000)
  eden space 26624K, 13% used [0x00000007d56b0000,0x00000007d5a39340,0x00000007d70b0000)
  from space 6144K, 99% used [0x00000007d7140000,0x00000007d7730cb0,0x00000007d7740000)
  to   space 7360K, 0% used [0x00000007d77e0000,0x00000007d77e0000,0x00000007d7f10000)
 ParOldGen       total 87232K, used 40632K [0x0000000780400000, 0x0000000785930000, 0x00000007d56b0000)
  object space 87232K, 46% used [0x0000000780400000,0x0000000782bae398,0x0000000785930000)
 PSPermGen       total 21248K, used 18725K [0x000000077b200000, 0x000000077c6c0000, 0x0000000780400000)
  object space 21248K, 88% used [0x000000077b200000,0x000000077c449438,0x000000077c6c0000)
GC Heap History (10 events):
Event: 80.467 GC heap before
{Heap before GC invocations=9 (full 0):
 PSYoungGen      total 36224K, used 31924K [0x00000007d56b0000, 0x00000007d81c0000, 0x0000000800000000)
  eden space 29760K, 97% used [0x00000007d56b0000,0x00000007d730a0f8,0x00000007d73c0000)
  from space 6464K, 44% used [0x00000007d7b70000,0x00000007d7e43030,0x00000007d81c0000)
  to   space 7168K, 0% used [0x00000007d73c0000,0x00000007d73c0000,0x00000007d7ac0000)
 ParOldGen       total 87232K, used 40552K [0x0000000780400000, 0x0000000785930000, 0x00000007d56b0000)
  object space 87232K, 46% used [0x0000000780400000,0x0000000782b9a398,0x0000000785930000)
 PSPermGen       total 21248K, used 17060K [0x000000077b200000, 0x000000077c6c0000, 0x0000000780400000)
  object space 21248K, 80% used [0x000000077b200000,0x000000077c2a92b0,0x000000077c6c0000)
Event: 80.469 GC heap after
Heap after GC invocations=9 (full 0):
 PSYoungGen      total 32000K, used 2924K [0x00000007d56b0000, 0x00000007d8110000, 0x0000000800000000)
  eden space 29056K, 0% used [0x00000007d56b0000,0x00000007d56b0000,0x00000007d7310000)
  from space 2944K, 99% used [0x00000007d73c0000,0x00000007d769b030,0x00000007d76a0000)
  to   space 7168K, 0% used [0x00000007d7a10000,0x00000007d7a10000,0x00000007d8110000)
 ParOldGen       total 87232K, used 40560K [0x0000000780400000, 0x0000000785930000, 0x00000007d56b0000)
  object space 87232K, 46% used [0x0000000780400000,0x0000000782b9c398,0x0000000785930000)
 PSPermGen       total 21248K, used 17060K [0x000000077b200000, 0x000000077c6c0000, 0x0000000780400000)
  object space 21248K, 80% used [0x000000077b200000,0x000000077c2a92b0,0x000000077c6c0000)
}
Event: 83.363 GC heap before
{Heap before GC invocations=10 (full 0):
 PSYoungGen      total 32000K, used 31948K [0x00000007d56b0000, 0x00000007d8110000, 0x0000000800000000)
  eden space 29056K, 99% used [0x00000007d56b0000,0x00000007d7308390,0x00000007d7310000)
  from space 2944K, 99% used [0x00000007d73c0000,0x00000007d769b030,0x00000007d76a0000)
  to   space 7168K, 0% used [0x00000007d7a10000,0x00000007d7a10000,0x00000007d8110000)
 ParOldGen       total 87232K, used 40560K [0x0000000780400000, 0x0000000785930000, 0x00000007d56b0000)
  object space 87232K, 46% used [0x0000000780400000,0x0000000782b9c398,0x0000000785930000)
 PSPermGen       total 21248K, used 17063K [0x000000077b200000, 0x000000077c6c0000, 0x0000000780400000)
  object space 21248K, 80% used [0x000000077b200000,0x000000077c2a9c78,0x000000077c6c0000)
Event: 83.365 GC heap after
Heap after GC invocations=10 (full 0):
 PSYoungGen      total 34688K, used 2956K [0x00000007d56b0000, 0x00000007d8030000, 0x0000000800000000)
  eden space 28416K, 0% used [0x00000007d56b0000,0x00000007d56b0000,0x00000007d7270000)
  from space 6272K, 47% used [0x00000007d7a10000,0x00000007d7cf3030,0x00000007d8030000)
  to   space 7040K, 0% used [0x00000007d7270000,0x00000007d7270000,0x00000007d7950000)
 ParOldGen       total 87232K, used 40568K [0x0000000780400000, 0x0000000785930000, 0x00000007d56b0000)
  object space 87232K, 46% used [0x0000000780400000,0x0000000782b9e398,0x0000000785930000)
 PSPermGen       total 21248K, used 17063K [0x000000077b200000, 0x000000077c6c0000, 0x0000000780400000)
  object space 21248K, 80% used [0x000000077b200000,0x000000077c2a9c78,0x000000077c6c0000)
}
Event: 86.179 GC heap before
{Heap before GC invocations=11 (full 0):
 PSYoungGen      total 34688K, used 31068K [0x00000007d56b0000, 0x00000007d8030000, 0x0000000800000000)
  eden space 28416K, 98% used [0x00000007d56b0000,0x00000007d72242c0,0x00000007d7270000)
  from space 6272K, 47% used [0x00000007d7a10000,0x00000007d7cf3030,0x00000007d8030000)
  to   space 7040K, 0% used [0x00000007d7270000,0x00000007d7270000,0x00000007d7950000)
 ParOldGen       total 87232K, used 40568K [0x0000000780400000, 0x0000000785930000, 0x00000007d56b0000)
  object space 87232K, 46% used [0x0000000780400000,0x0000000782b9e398,0x0000000785930000)
 PSPermGen       total 21248K, used 17064K [0x000000077b200000, 0x000000077c6c0000, 0x0000000780400000)
  object space 21248K, 80% used [0x000000077b200000,0x000000077c2aa0c8,0x000000077c6c0000)
Event: 86.181 GC heap after
Heap after GC invocations=11 (full 0):
 PSYoungGen      total 30784K, used 2956K [0x00000007d56b0000, 0x00000007d7f50000, 0x0000000800000000)
  eden space 27776K, 0% used [0x00000007d56b0000,0x00000007d56b0000,0x00000007d71d0000)
  from space 3008K, 98% used [0x00000007d7270000,0x00000007d7553030,0x00000007d7560000)
  to   space 6912K, 0% used [0x00000007d7890000,0x00000007d7890000,0x00000007d7f50000)
 ParOldGen       total 87232K, used 40592K [0x0000000780400000, 0x0000000785930000, 0x00000007d56b0000)
  object space 87232K, 46% used [0x0000000780400000,0x0000000782ba4398,0x0000000785930000)
 PSPermGen       total 21248K, used 17064K [0x000000077b200000, 0x000000077c6c0000, 0x0000000780400000)
  object space 21248K, 80% used [0x000000077b200000,0x000000077c2aa0c8,0x000000077c6c0000)
}
Event: 88.899 GC heap before
{Heap before GC invocations=12 (full 0):
 PSYoungGen      total 30784K, used 30266K [0x00000007d56b0000, 0x00000007d7f50000, 0x0000000800000000)
  eden space 27776K, 98% used [0x00000007d56b0000,0x00000007d715ba98,0x00000007d71d0000)
  from space 3008K, 98% used [0x00000007d7270000,0x00000007d7553030,0x00000007d7560000)
  to   space 6912K, 0% used [0x00000007d7890000,0x00000007d7890000,0x00000007d7f50000)
 ParOldGen       total 87232K, used 40592K [0x0000000780400000, 0x0000000785930000, 0x00000007d56b0000)
  object space 87232K, 46% used [0x0000000780400000,0x0000000782ba4398,0x0000000785930000)
 PSPermGen       total 21248K, used 17069K [0x000000077b200000, 0x000000077c6c0000, 0x0000000780400000)
  object space 21248K, 80% used [0x000000077b200000,0x000000077c2ab6b8,0x000000077c6c0000)
Event: 88.901 GC heap after
Heap after GC invocations=12 (full 0):
 PSYoungGen      total 33408K, used 2924K [0x00000007d56b0000, 0x00000007d7ea0000, 0x0000000800000000)
  eden space 27200K, 0% used [0x00000007d56b0000,0x00000007d56b0000,0x00000007d7140000)
  from space 6208K, 47% used [0x00000007d7890000,0x00000007d7b6b030,0x00000007d7ea0000)
  to   space 6848K, 0% used [0x00000007d7140000,0x00000007d7140000,0x00000007d77f0000)
 ParOldGen       total 87232K, used 40624K [0x0000000780400000, 0x0000000785930000, 0x00000007d56b0000)
  object space 87232K, 46% used [0x0000000780400000,0x0000000782bac398,0x0000000785930000)
 PSPermGen       total 21248K, used 17069K [0x000000077b200000, 0x000000077c6c0000, 0x0000000780400000)
  object space 21248K, 80% used [0x000000077b200000,0x000000077c2ab6b8,0x000000077c6c0000)
}
Event: 91.046 GC heap before
{Heap before GC invocations=13 (full 0):
 PSYoungGen      total 33408K, used 30124K [0x00000007d56b0000, 0x00000007d7ea0000, 0x0000000800000000)
  eden space 27200K, 100% used [0x00000007d56b0000,0x00000007d7140000,0x00000007d7140000)
  from space 6208K, 47% used [0x00000007d7890000,0x00000007d7b6b030,0x00000007d7ea0000)
  to   space 6848K, 0% used [0x00000007d7140000,0x00000007d7140000,0x00000007d77f0000)
 ParOldGen       total 87232K, used 40624K [0x0000000780400000, 0x0000000785930000, 0x00000007d56b0000)
  object space 87232K, 46% used [0x0000000780400000,0x0000000782bac398,0x0000000785930000)
 PSPermGen       total 21248K, used 18012K [0x000000077b200000, 0x000000077c6c0000, 0x0000000780400000)
  object space 21248K, 84% used [0x000000077b200000,0x000000077c3973b0,0x000000077c6c0000)
Event: 91.048 GC heap after
Heap after GC invocations=13 (full 0):
 PSYoungGen      total 32768K, used 6083K [0x00000007d56b0000, 0x00000007d7f10000, 0x0000000800000000)
  eden space 26624K, 0% used [0x00000007d56b0000,0x00000007d56b0000,0x00000007d70b0000)
  from space 6144K, 99% used [0x00000007d7140000,0x00000007d7730cb0,0x00000007d7740000)
  to   space 7360K, 0% used [0x00000007d77e0000,0x00000007d77e0000,0x00000007d7f10000)
 ParOldGen       total 87232K, used 40632K [0x0000000780400000, 0x0000000785930000, 0x00000007d56b0000)
  object space 87232K, 46% used [0x0000000780400000,0x0000000782bae398,0x0000000785930000)
 PSPermGen       total 21248K, used 18012K [0x000000077b200000, 0x000000077c6c0000, 0x0000000780400000)
  object space 21248K, 84% used [0x000000077b200000,0x000000077c3973b0,0x000000077c6c0000)
}

